<?xml version="1.0" encoding="UTF-8"?>
<robot generator="Robot 4.1.1 (Python 3.9.7 on win32)" generated="20210927 16:10:18.323" rpa="false" schemaversion="2">
<suite id="s1" name="Teste" source="F:\MAYUMI\1-CURSOS\CTD-DH\2-BIMESTRE\TESTING I\aula22\teste.robot">
<test id="s1-t1" name="[Teste 00 - finlizando uma compra com usuário comum durante a aula]">
<kw name="Abrir o site da loja" type="SETUP">
<kw name="Open Browser" library="SeleniumLibrary">
<arg>${URL}</arg>
<arg>${NAVEGADOR}</arg>
<doc>Opens a new browser instance to the optional ``url``.</doc>
<msg timestamp="20210927 16:10:18.486" level="INFO">Opening browser 'chrome' to base url 'https://www.saucedemo.com'.</msg>
<status status="PASS" starttime="20210927 16:10:18.486" endtime="20210927 16:10:20.525"/>
</kw>
<status status="PASS" starttime="20210927 16:10:18.486" endtime="20210927 16:10:20.525"/>
</kw>
<kw name="Fazer login no site da loja">
<kw name="Wait Until Element Is Visible" library="SeleniumLibrary">
<arg>${LOGIN}</arg>
<arg>10</arg>
<doc>Waits until the element ``locator`` is visible.</doc>
<status status="PASS" starttime="20210927 16:10:20.527" endtime="20210927 16:10:20.568"/>
</kw>
<kw name="Input Text" library="SeleniumLibrary">
<arg>${LOGIN}</arg>
<arg>standard_user</arg>
<doc>Types the given ``text`` into the text field identified by ``locator``.</doc>
<msg timestamp="20210927 16:10:20.569" level="INFO">Typing text 'standard_user' into text field 'id=user-name'.</msg>
<status status="PASS" starttime="20210927 16:10:20.568" endtime="20210927 16:10:20.663"/>
</kw>
<kw name="Input Text" library="SeleniumLibrary">
<arg>${SENHA}</arg>
<arg>secret_sauce</arg>
<doc>Types the given ``text`` into the text field identified by ``locator``.</doc>
<msg timestamp="20210927 16:10:20.663" level="INFO">Typing text 'secret_sauce' into text field 'id=password'.</msg>
<status status="PASS" starttime="20210927 16:10:20.663" endtime="20210927 16:10:20.739"/>
</kw>
<kw name="Click Element" library="SeleniumLibrary">
<arg>${BOTAOLOGIN}</arg>
<doc>Click the element identified by ``locator``.</doc>
<msg timestamp="20210927 16:10:20.740" level="INFO">Clicking element 'id=login-button'.</msg>
<status status="PASS" starttime="20210927 16:10:20.739" endtime="20210927 16:10:20.815"/>
</kw>
<status status="PASS" starttime="20210927 16:10:20.526" endtime="20210927 16:10:20.815"/>
</kw>
<kw name="Abrir os detalhes do produto &quot;Sauce Labs Bolt T-Shirt&quot;">
<kw name="Wait Until Element Is Visible" library="SeleniumLibrary">
<arg>${BOLT}</arg>
<arg>10</arg>
<doc>Waits until the element ``locator`` is visible.</doc>
<status status="PASS" starttime="20210927 16:10:20.817" endtime="20210927 16:10:20.848"/>
</kw>
<kw name="Click Element" library="SeleniumLibrary">
<arg>${BOLT}</arg>
<doc>Click the element identified by ``locator``.</doc>
<msg timestamp="20210927 16:10:20.848" level="INFO">Clicking element 'css=#item_1_title_link &gt; div'.</msg>
<status status="PASS" starttime="20210927 16:10:20.848" endtime="20210927 16:10:20.902"/>
</kw>
<status status="PASS" starttime="20210927 16:10:20.816" endtime="20210927 16:10:20.902"/>
</kw>
<kw name="Adicionar o produto &quot;Sauce Labs Bolt T-Shirt&quot; ao carrinho">
<kw name="Wait Until Element Is Visible" library="SeleniumLibrary">
<arg>${ADICIONARBOLT}</arg>
<arg>10</arg>
<doc>Waits until the element ``locator`` is visible.</doc>
<status status="PASS" starttime="20210927 16:10:20.904" endtime="20210927 16:10:20.938"/>
</kw>
<kw name="Click Element" library="SeleniumLibrary">
<arg>${ADICIONARBOLT}</arg>
<doc>Click the element identified by ``locator``.</doc>
<msg timestamp="20210927 16:10:20.939" level="INFO">Clicking element 'id=add-to-cart-sauce-labs-bolt-t-shirt'.</msg>
<status status="PASS" starttime="20210927 16:10:20.938" endtime="20210927 16:10:20.986"/>
</kw>
<status status="PASS" starttime="20210927 16:10:20.903" endtime="20210927 16:10:20.987"/>
</kw>
<kw name="Abrir o carrinho de compras">
<kw name="Wait Until Element Is Visible" library="SeleniumLibrary">
<arg>${CARRINHO}</arg>
<arg>10</arg>
<doc>Waits until the element ``locator`` is visible.</doc>
<status status="PASS" starttime="20210927 16:10:20.988" endtime="20210927 16:10:21.006"/>
</kw>
<kw name="Click Element" library="SeleniumLibrary">
<arg>${CARRINHO}</arg>
<doc>Click the element identified by ``locator``.</doc>
<msg timestamp="20210927 16:10:21.007" level="INFO">Clicking element 'css=#shopping_cart_container &gt; a'.</msg>
<status status="PASS" starttime="20210927 16:10:21.007" endtime="20210927 16:10:21.047"/>
</kw>
<status status="PASS" starttime="20210927 16:10:20.987" endtime="20210927 16:10:21.047"/>
</kw>
<kw name="Clicar em &quot;CHECKOUT&quot;">
<kw name="Wait Until Element Is Visible" library="SeleniumLibrary">
<arg>${CHECKOUT}</arg>
<arg>10</arg>
<doc>Waits until the element ``locator`` is visible.</doc>
<status status="PASS" starttime="20210927 16:10:21.048" endtime="20210927 16:10:21.069"/>
</kw>
<kw name="Click Element" library="SeleniumLibrary">
<arg>${CHECKOUT}</arg>
<doc>Click the element identified by ``locator``.</doc>
<msg timestamp="20210927 16:10:21.069" level="INFO">Clicking element 'id=checkout'.</msg>
<status status="PASS" starttime="20210927 16:10:21.069" endtime="20210927 16:10:21.108"/>
</kw>
<status status="PASS" starttime="20210927 16:10:21.048" endtime="20210927 16:10:21.108"/>
</kw>
<kw name="Preencher as informações do cliente e clicar em &quot;CONTINUE&quot;">
<kw name="Wait Until Element Is Visible" library="SeleniumLibrary">
<arg>${FIRSTNAME}</arg>
<arg>10</arg>
<doc>Waits until the element ``locator`` is visible.</doc>
<status status="PASS" starttime="20210927 16:10:21.109" endtime="20210927 16:10:21.125"/>
</kw>
<kw name="Input Text" library="SeleniumLibrary">
<arg>${FIRSTNAME}</arg>
<arg>Jennifer</arg>
<doc>Types the given ``text`` into the text field identified by ``locator``.</doc>
<msg timestamp="20210927 16:10:21.126" level="INFO">Typing text 'Jennifer' into text field 'id=first-name'.</msg>
<status status="PASS" starttime="20210927 16:10:21.126" endtime="20210927 16:10:21.200"/>
</kw>
<kw name="Input Text" library="SeleniumLibrary">
<arg>${LASTNAME}</arg>
<arg>Mayumi</arg>
<doc>Types the given ``text`` into the text field identified by ``locator``.</doc>
<msg timestamp="20210927 16:10:21.201" level="INFO">Typing text 'Mayumi' into text field 'id=last-name'.</msg>
<status status="PASS" starttime="20210927 16:10:21.201" endtime="20210927 16:10:21.271"/>
</kw>
<kw name="Input Text" library="SeleniumLibrary">
<arg>${POSTALCODE}</arg>
<arg>00000000</arg>
<doc>Types the given ``text`` into the text field identified by ``locator``.</doc>
<msg timestamp="20210927 16:10:21.272" level="INFO">Typing text '00000000' into text field 'id=postal-code'.</msg>
<status status="PASS" starttime="20210927 16:10:21.271" endtime="20210927 16:10:21.343"/>
</kw>
<kw name="Click Element" library="SeleniumLibrary">
<arg>${CONTINUE}</arg>
<doc>Click the element identified by ``locator``.</doc>
<msg timestamp="20210927 16:10:21.343" level="INFO">Clicking element 'id=continue'.</msg>
<status status="PASS" starttime="20210927 16:10:21.343" endtime="20210927 16:10:21.400"/>
</kw>
<status status="PASS" starttime="20210927 16:10:21.108" endtime="20210927 16:10:21.400"/>
</kw>
<kw name="Confirmar se o valor final da compra é de $17.27 e clica no botão &quot;FINISH&quot;">
<kw name="Element Should Contain" library="SeleniumLibrary">
<arg>${VALORFINAL}</arg>
<arg>$17.27</arg>
<doc>Verifies that element ``locator`` contains text ``expected``.</doc>
<msg timestamp="20210927 16:10:21.420" level="INFO">Element 'css=#checkout_summary_container &gt; div &gt; div.summary_info &gt; div.summary_total_label' contains text '$17.27'.</msg>
<status status="PASS" starttime="20210927 16:10:21.402" endtime="20210927 16:10:21.420"/>
</kw>
<kw name="Click Element" library="SeleniumLibrary">
<arg>${FINISH}</arg>
<doc>Click the element identified by ``locator``.</doc>
<msg timestamp="20210927 16:10:21.421" level="INFO">Clicking element 'id=finish'.</msg>
<status status="PASS" starttime="20210927 16:10:21.420" endtime="20210927 16:10:21.456"/>
</kw>
<status status="PASS" starttime="20210927 16:10:21.401" endtime="20210927 16:10:21.456"/>
</kw>
<kw name="Verificar se a frase &quot;THANK YOU FOR YOUR ORDER&quot; está sendo exibida">
<kw name="Element Should Contain" library="SeleniumLibrary">
<arg>${THANKYOU}</arg>
<arg>THANK YOU FOR YOUR ORDER</arg>
<doc>Verifies that element ``locator`` contains text ``expected``.</doc>
<msg timestamp="20210927 16:10:21.474" level="INFO">Element 'css=#checkout_complete_container &gt; h2' contains text 'THANK YOU FOR YOUR ORDER'.</msg>
<status status="PASS" starttime="20210927 16:10:21.457" endtime="20210927 16:10:21.474"/>
</kw>
<kw name="Sleep" library="BuiltIn">
<arg>5</arg>
<doc>Pauses the test executed for the given time.</doc>
<msg timestamp="20210927 16:10:26.487" level="INFO">Slept 5 seconds</msg>
<status status="PASS" starttime="20210927 16:10:21.474" endtime="20210927 16:10:26.487"/>
</kw>
<kw name="Capture Page Screenshot" library="SeleniumLibrary">
<doc>Takes a screenshot of the current page and embeds it into a log file.</doc>
<msg timestamp="20210927 16:10:26.582" level="INFO" html="true">&lt;/td&gt;&lt;/tr&gt;&lt;tr&gt;&lt;td colspan="3"&gt;&lt;a href="selenium-screenshot-1.png"&gt;&lt;img src="selenium-screenshot-1.png" width="800px"&gt;&lt;/a&gt;</msg>
<status status="PASS" starttime="20210927 16:10:26.487" endtime="20210927 16:10:26.582"/>
</kw>
<status status="PASS" starttime="20210927 16:10:21.457" endtime="20210927 16:10:26.582"/>
</kw>
<kw name="Close Browser" library="SeleniumLibrary" type="TEARDOWN">
<doc>Closes the current browser.</doc>
<status status="PASS" starttime="20210927 16:10:26.583" endtime="20210927 16:10:29.044"/>
</kw>
<status status="PASS" starttime="20210927 16:10:18.485" endtime="20210927 16:10:29.045"/>
</test>
<status status="PASS" starttime="20210927 16:10:18.324" endtime="20210927 16:10:29.046"/>
</suite>
<statistics>
<total>
<stat pass="1" fail="0" skip="0">All Tests</stat>
</total>
<tag>
</tag>
<suite>
<stat pass="1" fail="0" skip="0" id="s1" name="Teste">Teste</stat>
</suite>
</statistics>
<errors>
</errors>
</robot>
